  buf.c
  c14n.c
  catalog.c
  chvalid.c
  debugXML.c
  dict.c
  DOCBparser.c
  encoding.c
  entities.c
  error.c
  globals.c
  hash.c
d:\projects\winbuilds\libxml2\include\libxml\encoding.h(28): fatal error C1083: Cannot open include file: 'iconv.h': No such file or directory (compiling source file ..\..\DOCBparser.c)
d:\projects\winbuilds\libxml2\include\libxml\encoding.h(28): fatal error C1083: Cannot open include file: 'iconv.h': No such file or directory (compiling source file ..\..\error.c)
d:\projects\winbuilds\libxml2\include\libxml\encoding.h(28): fatal error C1083: Cannot open include file: 'iconv.h': No such file or directory (compiling source file ..\..\encoding.c)
d:\projects\winbuilds\libxml2\include\libxml\encoding.h(28): fatal error C1083: Cannot open include file: 'iconv.h': No such file or directory (compiling source file ..\..\globals.c)
d:\projects\winbuilds\libxml2\include\libxml\encoding.h(28): fatal error C1083: Cannot open include file: 'iconv.h': No such file or directory (compiling source file ..\..\hash.c)
d:\projects\winbuilds\libxml2\include\libxml\encoding.h(28): fatal error C1083: Cannot open include file: 'iconv.h': No such file or directory (compiling source file ..\..\entities.c)
d:\projects\winbuilds\libxml2\include\libxml\encoding.h(28): fatal error C1083: Cannot open include file: 'iconv.h': No such file or directory (compiling source file ..\..\debugXML.c)
d:\projects\winbuilds\libxml2\include\libxml\encoding.h(28): fatal error C1083: Cannot open include file: 'iconv.h': No such file or directory (compiling source file ..\..\catalog.c)
d:\projects\winbuilds\libxml2\include\libxml\encoding.h(28): fatal error C1083: Cannot open include file: 'iconv.h': No such file or directory (compiling source file ..\..\c14n.c)
d:\projects\winbuilds\libxml2\include\libxml\encoding.h(28): fatal error C1083: Cannot open include file: 'iconv.h': No such file or directory (compiling source file ..\..\buf.c)
d:\projects\winbuilds\libxml2\include\libxml\encoding.h(28): fatal error C1083: Cannot open include file: 'iconv.h': No such file or directory (compiling source file ..\..\dict.c)
  HTMLparser.c
  HTMLtree.c
  legacy.c
  list.c
  nanoftp.c
  nanohttp.c
  parser.c
  parserInternals.c
  pattern.c
  relaxng.c
  SAX.c
  SAX2.c
d:\projects\winbuilds\libxml2\nanohttp.c(67): fatal error C1083: Cannot open include file: 'zlib.h': No such file or directory
  schematron.c
d:\projects\winbuilds\libxml2\htmlparser.c(30): fatal error C1083: Cannot open include file: 'zlib.h': No such file or directory
  threads.c
d:\projects\winbuilds\libxml2\include\libxml\encoding.h(28): fatal error C1083: Cannot open include file: 'iconv.h': No such file or directory (compiling source file ..\..\pattern.c)
  tree.c
d:\projects\winbuilds\libxml2\include\libxml\encoding.h(28): fatal error C1083: Cannot open include file: 'iconv.h': No such file or directory (compiling source file ..\..\SAX.c)
d:\projects\winbuilds\libxml2\include\libxml\encoding.h(28): fatal error C1083: Cannot open include file: 'iconv.h': No such file or directory (compiling source file ..\..\parser.c)
d:\projects\winbuilds\libxml2\include\libxml\encoding.h(28): fatal error C1083: Cannot open include file: 'iconv.h': No such file or directory (compiling source file ..\..\legacy.c)
d:\projects\winbuilds\libxml2\include\libxml\encoding.h(28): fatal error C1083: Cannot open include file: 'iconv.h': No such file or directory (compiling source file ..\..\relaxng.c)
d:\projects\winbuilds\libxml2\include\libxml\encoding.h(28): fatal error C1083: Cannot open include file: 'iconv.h': No such file or directory (compiling source file ..\..\list.c)
  uri.c
  valid.c
d:\projects\winbuilds\libxml2\include\libxml\encoding.h(28): fatal error C1083: Cannot open include file: 'iconv.h': No such file or directory (compiling source file ..\..\HTMLtree.c)
  xinclude.c
  xlink.c
  xmlcatalog.c
  xmlIO.c
d:\projects\winbuilds\libxml2\parserinternals.c(36): fatal error C1083: Cannot open include file: 'zlib.h': No such file or directory
d:\projects\winbuilds\libxml2\include\libxml\encoding.h(28): fatal error C1083: Cannot open include file: 'iconv.h': No such file or directory (compiling source file ..\..\SAX2.c)
  xmlmemory.c
  xmlmodule.c
d:\projects\winbuilds\libxml2\include\libxml\encoding.h(28): fatal error C1083: Cannot open include file: 'iconv.h': No such file or directory (compiling source file ..\..\nanoftp.c)
  xmlreader.c
d:\projects\winbuilds\libxml2\include\libxml\encoding.h(28): fatal error C1083: Cannot open include file: 'iconv.h': No such file or directory (compiling source file ..\..\schematron.c)
  xmlregexp.c
d:\projects\winbuilds\libxml2\include\libxml\encoding.h(28): fatal error C1083: Cannot open include file: 'iconv.h': No such file or directory (compiling source file ..\..\threads.c)
  xmlsave.c
d:\projects\winbuilds\libxml2\tree.c(31): fatal error C1083: Cannot open include file: 'zlib.h': No such file or directory
  xmlschemas.c
d:\projects\winbuilds\libxml2\xlink.c(32): fatal error C1083: Cannot open include file: 'zlib.h': No such file or directory
d:\projects\winbuilds\libxml2\xmlio.c(37): fatal error C1083: Cannot open include file: 'zlib.h': No such file or directory
  xmlschemastypes.c
  xmlstring.c
d:\projects\winbuilds\libxml2\include\libxml\encoding.h(28): fatal error C1083: Cannot open include file: 'iconv.h': No such file or directory (compiling source file ..\..\uri.c)
d:\projects\winbuilds\libxml2\include\libxml\encoding.h(28): fatal error C1083: Cannot open include file: 'iconv.h': No such file or directory (compiling source file ..\..\valid.c)
d:\projects\winbuilds\libxml2\include\libxml\encoding.h(28): fatal error C1083: Cannot open include file: 'iconv.h': No such file or directory (compiling source file ..\..\xmlcatalog.c)
d:\projects\winbuilds\libxml2\include\libxml\encoding.h(28): fatal error C1083: Cannot open include file: 'iconv.h': No such file or directory (compiling source file ..\..\xmlmodule.c)
d:\projects\winbuilds\libxml2\include\libxml\encoding.h(28): fatal error C1083: Cannot open include file: 'iconv.h': No such file or directory (compiling source file ..\..\xinclude.c)
  xmlunicode.c
  xmlwriter.c
  xpath.c
  xpointer.c
d:\projects\winbuilds\libxml2\include\libxml\encoding.h(28): fatal error C1083: Cannot open include file: 'iconv.h': No such file or directory (compiling source file ..\..\xmlreader.c)
d:\projects\winbuilds\libxml2\include\libxml\encoding.h(28): fatal error C1083: Cannot open include file: 'iconv.h': No such file or directory (compiling source file ..\..\xmlmemory.c)
d:\projects\winbuilds\libxml2\include\libxml\encoding.h(28): fatal error C1083: Cannot open include file: 'iconv.h': No such file or directory (compiling source file ..\..\xmlregexp.c)
d:\projects\winbuilds\libxml2\include\libxml\encoding.h(28): fatal error C1083: Cannot open include file: 'iconv.h': No such file or directory (compiling source file ..\..\xmlsave.c)
d:\projects\winbuilds\libxml2\include\libxml\encoding.h(28): fatal error C1083: Cannot open include file: 'iconv.h': No such file or directory (compiling source file ..\..\xmlschemas.c)
d:\projects\winbuilds\libxml2\include\libxml\encoding.h(28): fatal error C1083: Cannot open include file: 'iconv.h': No such file or directory (compiling source file ..\..\xmlschemastypes.c)
d:\projects\winbuilds\libxml2\include\libxml\encoding.h(28): fatal error C1083: Cannot open include file: 'iconv.h': No such file or directory (compiling source file ..\..\xmlwriter.c)
d:\projects\winbuilds\libxml2\include\libxml\encoding.h(28): fatal error C1083: Cannot open include file: 'iconv.h': No such file or directory (compiling source file ..\..\xpointer.c)
d:\projects\winbuilds\libxml2\include\libxml\encoding.h(28): fatal error C1083: Cannot open include file: 'iconv.h': No such file or directory (compiling source file ..\..\xmlstring.c)
d:\projects\winbuilds\libxml2\include\libxml\encoding.h(28): fatal error C1083: Cannot open include file: 'iconv.h': No such file or directory (compiling source file ..\..\xpath.c)
